<?xml version="1.0" encoding="UTF-8"?>
<!-- Generated by org.testng.reporters.JUnitXMLReporter -->
<testsuite ignored="0" hostname="Sanju" failures="0" tests="4" name="Test" time="4.198" errors="0" timestamp="2024-04-05T13:34:43 IST">
  <testcase classname="Day8_APIChaining.GoRest1_CreateUser" name="test_CreateUser" time="2.057"/>
  <testcase classname="Day8_APIChaining.GoRest2_GetUser" name="test2_GetUser" time="0.703"/>
  <testcase classname="Day8_APIChaining.GoRest3_UpdateUser" name="test3_UpdateUser" time="0.754"/>
  <testcase classname="Day8_APIChaining.GoRest4_DeleteUser" name="test4_DeleteUser" time="0.657"/>
</testsuite> <!-- Test -->
